Using pre-set license
Built from '2022.3/staging' branch; Version is '2022.3.22f1 (887be4894c44) revision 8944612'; Using compiler version '192829333'; Build Type 'Release'
OS: 'Windows 11  (10.0.22621) 64bit CoreSingleLanguage' Language: 'en' Physical Memory: 32469 MB
BatchMode: 1, IsHumanControllingUs: 0, StartBugReporterOnCrash: 0, Is64bit: 1, IsPro: 1

COMMAND LINE ARGUMENTS:
D:\UnityEditor\2022.3.22f1\Editor\Unity.exe
-adb2
-batchMode
-noUpm
-name
AssetImportWorker4
-projectPath
D:/Upwork/UnityNoesisGUITest
-logFile
Logs/AssetImportWorker4.log
-srvPort
52169
Successfully changed project path to: D:/Upwork/UnityNoesisGUITest
D:/Upwork/UnityNoesisGUITest
[UnityMemory] Configuration Parameters - Can be set up in boot.config
    "memorysetup-bucket-allocator-granularity=16"
    "memorysetup-bucket-allocator-bucket-count=8"
    "memorysetup-bucket-allocator-block-size=33554432"
    "memorysetup-bucket-allocator-block-count=8"
    "memorysetup-main-allocator-block-size=16777216"
    "memorysetup-thread-allocator-block-size=16777216"
    "memorysetup-gfx-main-allocator-block-size=16777216"
    "memorysetup-gfx-thread-allocator-block-size=16777216"
    "memorysetup-cache-allocator-block-size=4194304"
    "memorysetup-typetree-allocator-block-size=2097152"
    "memorysetup-profiler-bucket-allocator-granularity=16"
    "memorysetup-profiler-bucket-allocator-bucket-count=8"
    "memorysetup-profiler-bucket-allocator-block-size=33554432"
    "memorysetup-profiler-bucket-allocator-block-count=8"
    "memorysetup-profiler-allocator-block-size=16777216"
    "memorysetup-profiler-editor-allocator-block-size=1048576"
    "memorysetup-temp-allocator-size-main=16777216"
    "memorysetup-job-temp-allocator-block-size=2097152"
    "memorysetup-job-temp-allocator-block-size-background=1048576"
    "memorysetup-job-temp-allocator-reduction-small-platforms=262144"
    "memorysetup-allocator-temp-initial-block-size-main=262144"
    "memorysetup-allocator-temp-initial-block-size-worker=262144"
    "memorysetup-temp-allocator-size-background-worker=32768"
    "memorysetup-temp-allocator-size-job-worker=262144"
    "memorysetup-temp-allocator-size-preload-manager=33554432"
    "memorysetup-temp-allocator-size-nav-mesh-worker=65536"
    "memorysetup-temp-allocator-size-audio-worker=65536"
    "memorysetup-temp-allocator-size-cloud-worker=32768"
    "memorysetup-temp-allocator-size-gi-baking-worker=262144"
    "memorysetup-temp-allocator-size-gfx=262144"
Player connection [38856] Host "[IP] 192.168.56.1 [Port] 0 [Flags] 2 [Guid] 3752433354 [EditorId] 3752433354 [Version] 1048832 [Id] WindowsEditor(7,MSI) [Debug] 1 [PackageName] WindowsEditor [ProjectName] Editor" joined multi-casting on [225.0.0.222:54997]...

Player connection [38856] Host "[IP] 192.168.56.1 [Port] 0 [Flags] 2 [Guid] 3752433354 [EditorId] 3752433354 [Version] 1048832 [Id] WindowsEditor(7,MSI) [Debug] 1 [PackageName] WindowsEditor [ProjectName] Editor" joined alternative multi-casting on [225.0.0.222:34997]...

[Physics::Module] Initialized MultithreadedJobDispatcher with 15 workers.
Refreshing native plugins compatible for Editor in 6.88 ms, found 4 plugins.
Preloading 1 native plugins for Editor in 0.89 ms.
Initialize engine version: 2022.3.22f1 (887be4894c44)
[Subsystems] Discovering subsystems at path D:/UnityEditor/2022.3.22f1/Editor/Data/Resources/UnitySubsystems
[Subsystems] Discovering subsystems at path D:/Upwork/UnityNoesisGUITest/Assets
GfxDevice: creating device client; threaded=0; jobified=0
Direct3D:
    Version:  Direct3D 11.0 [level 11.1]
    Renderer: NVIDIA GeForce RTX 3060 Laptop GPU (ID=0x2520)
    Vendor:   NVIDIA
    VRAM:     6023 MB
    Driver:   30.0.15.1165
Initialize mono
Mono path[0] = 'D:/UnityEditor/2022.3.22f1/Editor/Data/Managed'
Mono path[1] = 'D:/UnityEditor/2022.3.22f1/Editor/Data/MonoBleedingEdge/lib/mono/unityjit-win32'
Mono config path = 'D:/UnityEditor/2022.3.22f1/Editor/Data/MonoBleedingEdge/etc'
Using monoOptions --debugger-agent=transport=dt_socket,embedding=1,server=y,suspend=n,address=127.0.0.1:56516
Begin MonoManager ReloadAssembly
Registering precompiled unity dll's ...
Register platform support module: D:/UnityEditor/2022.3.22f1/Editor/Data/PlaybackEngines/WebGLSupport/UnityEditor.WebGL.Extensions.dll
Register platform support module: D:/UnityEditor/2022.3.22f1/Editor/Data/PlaybackEngines/WindowsStandaloneSupport/UnityEditor.WindowsStandalone.Extensions.dll
Registered in 0.002628 seconds.
- Loaded All Assemblies, in  0.287 seconds
Native extension for WindowsStandalone target not found
Native extension for WebGL target not found
Mono: successfully reloaded assembly
- Finished resetting the current domain, in  0.225 seconds
Domain Reload Profiling: 512ms
	BeginReloadAssembly (81ms)
		ExecutionOrderSort (0ms)
		DisableScriptedObjects (0ms)
		BackupInstance (0ms)
		ReleaseScriptingObjects (0ms)
		CreateAndSetChildDomain (1ms)
	RebuildCommonClasses (32ms)
	RebuildNativeTypeToScriptingClass (10ms)
	initialDomainReloadingComplete (42ms)
	LoadAllAssembliesAndSetupDomain (122ms)
		LoadAssemblies (80ms)
		RebuildTransferFunctionScriptingTraits (0ms)
		AnalyzeDomain (120ms)
			TypeCache.Refresh (119ms)
				TypeCache.ScanAssembly (106ms)
			ScanForSourceGeneratedMonoScriptInfo (0ms)
			ResolveRequiredComponents (1ms)
	FinalizeReload (225ms)
		ReleaseScriptCaches (0ms)
		RebuildScriptCaches (0ms)
		SetupLoadedEditorAssemblies (171ms)
			LogAssemblyErrors (0ms)
			InitializePlatformSupportModulesInManaged (6ms)
			SetLoadedEditorAssemblies (4ms)
			RefreshPlugins (0ms)
			BeforeProcessingInitializeOnLoad (2ms)
			ProcessInitializeOnLoadAttributes (118ms)
			ProcessInitializeOnLoadMethodAttributes (41ms)
			AfterProcessingInitializeOnLoad (0ms)
			EditorAssembliesLoaded (0ms)
		ExecutionOrderSort2 (0ms)
		AwakeInstancesAfterBackupRestoration (0ms)
========================================================================
Worker process is ready to serve import requests
Begin MonoManager ReloadAssembly
- Loaded All Assemblies, in  0.502 seconds
Refreshing native plugins compatible for Editor in 2.84 ms, found 4 plugins.
Native extension for WindowsStandalone target not found
Native extension for WebGL target not found
Package Manager log level set to [2]
[Package Manager] Server::EnsureServerProcessIsRunning -- launch failed, reason: Unity was launched with the -noUpm command-line argument
[Package Manager] UpmClient::Send -- Unable to send message (not connected to UPM process).
[Package Manager] Cannot connect to Unity Package Manager local server
Mono: successfully reloaded assembly
- Finished resetting the current domain, in  0.548 seconds
Domain Reload Profiling: 1049ms
	BeginReloadAssembly (112ms)
		ExecutionOrderSort (0ms)
		DisableScriptedObjects (6ms)
		BackupInstance (0ms)
		ReleaseScriptingObjects (0ms)
		CreateAndSetChildDomain (19ms)
	RebuildCommonClasses (28ms)
	RebuildNativeTypeToScriptingClass (10ms)
	initialDomainReloadingComplete (33ms)
	LoadAllAssembliesAndSetupDomain (319ms)
		LoadAssemblies (200ms)
		RebuildTransferFunctionScriptingTraits (0ms)
		AnalyzeDomain (178ms)
			TypeCache.Refresh (155ms)
				TypeCache.ScanAssembly (140ms)
			ScanForSourceGeneratedMonoScriptInfo (17ms)
			ResolveRequiredComponents (5ms)
	FinalizeReload (548ms)
		ReleaseScriptCaches (0ms)
		RebuildScriptCaches (0ms)
		SetupLoadedEditorAssemblies (414ms)
			LogAssemblyErrors (0ms)
			InitializePlatformSupportModulesInManaged (5ms)
			SetLoadedEditorAssemblies (5ms)
			RefreshPlugins (0ms)
			BeforeProcessingInitializeOnLoad (58ms)
			ProcessInitializeOnLoadAttributes (326ms)
			ProcessInitializeOnLoadMethodAttributes (18ms)
			AfterProcessingInitializeOnLoad (2ms)
			EditorAssembliesLoaded (0ms)
		ExecutionOrderSort2 (0ms)
		AwakeInstancesAfterBackupRestoration (6ms)
Launched and connected shader compiler UnityShaderCompiler.exe after 0.03 seconds
Refreshing native plugins compatible for Editor in 2.47 ms, found 4 plugins.
Preloading 1 native plugins for Editor in 0.02 ms.
Unloading 4239 Unused Serialized files (Serialized files now loaded: 0)
Unloading 64 unused Assets / (65.7 KB). Loaded Objects now: 4686.
Memory consumption went from 146.4 MB to 146.3 MB.
Total: 3.074400 ms (FindLiveObjects: 0.291900 ms CreateObjectMapping: 0.124700 ms MarkObjects: 2.515400 ms  DeleteObjects: 0.141300 ms)

AssetImportParameters requested are different than current active one (requested -> active):
  custom:container-demuxer-ogg: 62fdf1f143b41e24485cea50d1cbac27 -> 
  custom:video-decoder-ogg-theora: a1e56fd34408186e4bbccfd4996cb3dc -> 
  custom:framework-win-MediaFoundation: 216162199b28c13a410421893ffa2e32 -> 
  custom:scripting/monoscript/fileName/UnityNoesisGUITestMainView.xaml.cs: 424ace271e33e819a76465dbaa0113bf -> 
  custom:CustomObjectIndexerAttribute: 9a22284fe3817be447336de3de66b15e -> 
  custom:container-demuxer-webm: 4f35f7cbe854078d1ac9338744f61a02 -> 
  custom:Noesis_ApplicationResources: 547730b8ea009c5c38da7d097a3a42ce -> 
  custom:scripting/monoscript/fileName/Dashboard.xaml.cs: 7032a55f39419bece45864393a9d7fd1 -> 856b080f25261c0ab2fbccd4c899327e
  custom:container-muxer-webm: aa71ff27fc2769a1b78a27578f13a17b -> 
  custom:video-decoder-webm-vp8: 9c59270c3fd7afecdb556c50c9e8de78 -> 
  custom:SearchIndexIgnoredProperties: e643bd26f0fe6173181afceb89e7c659 -> 
  custom:AudioImporter_EditorPlatform: d09bf68614088b80899f8185d706f6e7 -> 
  custom:video-encoder-webm-vp8: eb34c28f22e8b96e1ab97ce403110664 -> 
  custom:audio-decoder-ogg-vorbis: bf7c407c2cedff20999df2af8eb42d56 -> 
  custom:audio-encoder-webm-vorbis: bf7c407c2cedff20999df2af8eb42d56 -> 
========================================================================
Received Import Request.
  Time since last request: 500403.700588 seconds.
  path: Assets/Samples/NoesisGUI/3.2.3/Buttons/ButtonsViewModel.cs
  artifactKey: Guid(efd7d6d47887be042977105ee494a062) Importer(815301076,1909f56bfc062723c751e8b465ee728b)
Start importing Assets/Samples/NoesisGUI/3.2.3/Buttons/ButtonsViewModel.cs using Guid(efd7d6d47887be042977105ee494a062) Importer(815301076,1909f56bfc062723c751e8b465ee728b)  -> (artifact id: '92fa7264ef68b1318e6c029d25561627') in 0.002040 seconds
Number of updated asset objects reloaded before import = 0
Number of asset objects unloaded after import = 0
========================================================================
Received Import Request.
  Time since last request: 4.732684 seconds.
  path: Assets/Samples/NoesisGUI/3.2.3/Buttons/MainWindow.xaml.cs
  artifactKey: Guid(c1798d74ffc857d40be7c86d043ce168) Importer(815301076,1909f56bfc062723c751e8b465ee728b)
Start importing Assets/Samples/NoesisGUI/3.2.3/Buttons/MainWindow.xaml.cs using Guid(c1798d74ffc857d40be7c86d043ce168) Importer(815301076,1909f56bfc062723c751e8b465ee728b)  -> (artifact id: '09bcff58fbad7d61bc008a90f4e3888c') in 0.000378 seconds
Number of updated asset objects reloaded before import = 0
Number of asset objects unloaded after import = 0
========================================================================
Received Import Request.
  Time since last request: 2.826261 seconds.
  path: Assets/Samples/NoesisGUI/3.2.3/Hello World/MainWindow.xaml
  artifactKey: Guid(c78db90874dc75340950b810d9d746ac) Importer(815301076,1909f56bfc062723c751e8b465ee728b)
Start importing Assets/Samples/NoesisGUI/3.2.3/Hello World/MainWindow.xaml using Guid(c78db90874dc75340950b810d9d746ac) Importer(815301076,1909f56bfc062723c751e8b465ee728b)  -> (artifact id: '4d5e123a3ab95abd5e7f221c34eb7d55') in 0.179426 seconds
Number of updated asset objects reloaded before import = 0
Number of asset objects unloaded after import = 6
========================================================================
Received Import Request.
  Time since last request: 7.936496 seconds.
  path: Assets/Samples/NoesisGUI/3.2.3/Hello World/MainWindow.xaml.cs
  artifactKey: Guid(602ca8caf2d39434fbe5301b4c72171e) Importer(815301076,1909f56bfc062723c751e8b465ee728b)
Start importing Assets/Samples/NoesisGUI/3.2.3/Hello World/MainWindow.xaml.cs using Guid(602ca8caf2d39434fbe5301b4c72171e) Importer(815301076,1909f56bfc062723c751e8b465ee728b)  -> (artifact id: '0fae3ea7f6e8755caeaef82f419a045b') in 0.000564 seconds
Number of updated asset objects reloaded before import = 0
Number of asset objects unloaded after import = 0
========================================================================
Received Prepare
Begin MonoManager ReloadAssembly
- Loaded All Assemblies, in  0.472 seconds
Refreshing native plugins compatible for Editor in 3.01 ms, found 4 plugins.
Native extension for WindowsStandalone target not found
Native extension for WebGL target not found
[Package Manager] Server::EnsureServerProcessIsRunning -- launch failed, reason: Unity was launched with the -noUpm command-line argument
[Package Manager] UpmClient::Send -- Unable to send message (not connected to UPM process).
[Package Manager] Cannot connect to Unity Package Manager local server
Mono: successfully reloaded assembly
- Finished resetting the current domain, in  0.801 seconds
Domain Reload Profiling: 1273ms
	BeginReloadAssembly (183ms)
		ExecutionOrderSort (0ms)
		DisableScriptedObjects (5ms)
		BackupInstance (0ms)
		ReleaseScriptingObjects (0ms)
		CreateAndSetChildDomain (62ms)
	RebuildCommonClasses (34ms)
	RebuildNativeTypeToScriptingClass (13ms)
	initialDomainReloadingComplete (28ms)
	LoadAllAssembliesAndSetupDomain (214ms)
		LoadAssemblies (269ms)
		RebuildTransferFunctionScriptingTraits (0ms)
		AnalyzeDomain (27ms)
			TypeCache.Refresh (10ms)
				TypeCache.ScanAssembly (0ms)
			ScanForSourceGeneratedMonoScriptInfo (11ms)
			ResolveRequiredComponents (5ms)
	FinalizeReload (801ms)
		ReleaseScriptCaches (0ms)
		RebuildScriptCaches (0ms)
		SetupLoadedEditorAssemblies (446ms)
			LogAssemblyErrors (0ms)
			InitializePlatformSupportModulesInManaged (7ms)
			SetLoadedEditorAssemblies (7ms)
			RefreshPlugins (0ms)
			BeforeProcessingInitializeOnLoad (71ms)
			ProcessInitializeOnLoadAttributes (339ms)
			ProcessInitializeOnLoadMethodAttributes (20ms)
			AfterProcessingInitializeOnLoad (2ms)
			EditorAssembliesLoaded (0ms)
		ExecutionOrderSort2 (0ms)
		AwakeInstancesAfterBackupRestoration (7ms)
Refreshing native plugins compatible for Editor in 3.80 ms, found 4 plugins.
Preloading 1 native plugins for Editor in 0.03 ms.
Unloading 4231 Unused Serialized files (Serialized files now loaded: 0)
Unloading 39 unused Assets / (39.5 KB). Loaded Objects now: 4691.
Memory consumption went from 146.3 MB to 146.3 MB.
Total: 3.681100 ms (FindLiveObjects: 0.285500 ms CreateObjectMapping: 0.116300 ms MarkObjects: 3.192100 ms  DeleteObjects: 0.086100 ms)

Prepare: number of updated asset objects reloaded= 0
AssetImportParameters requested are different than current active one (requested -> active):
  custom:container-demuxer-ogg: 62fdf1f143b41e24485cea50d1cbac27 -> 
  custom:video-decoder-ogg-theora: a1e56fd34408186e4bbccfd4996cb3dc -> 
  custom:framework-win-MediaFoundation: 216162199b28c13a410421893ffa2e32 -> 
  custom:scripting/monoscript/fileName/UnityNoesisGUITestMainView.xaml.cs: 424ace271e33e819a76465dbaa0113bf -> 
  custom:CustomObjectIndexerAttribute: 9a22284fe3817be447336de3de66b15e -> 
  custom:container-demuxer-webm: 4f35f7cbe854078d1ac9338744f61a02 -> 
  custom:Noesis_ApplicationResources: 547730b8ea009c5c38da7d097a3a42ce -> 
  custom:scripting/monoscript/fileName/Dashboard.xaml.cs: 7032a55f39419bece45864393a9d7fd1 -> 856b080f25261c0ab2fbccd4c899327e
  custom:container-muxer-webm: aa71ff27fc2769a1b78a27578f13a17b -> 
  custom:video-decoder-webm-vp8: 9c59270c3fd7afecdb556c50c9e8de78 -> 
  custom:SearchIndexIgnoredProperties: e643bd26f0fe6173181afceb89e7c659 -> 
  custom:AudioImporter_EditorPlatform: d09bf68614088b80899f8185d706f6e7 -> 
  custom:video-encoder-webm-vp8: eb34c28f22e8b96e1ab97ce403110664 -> 
  custom:audio-decoder-ogg-vorbis: bf7c407c2cedff20999df2af8eb42d56 -> 
  custom:audio-encoder-webm-vorbis: bf7c407c2cedff20999df2af8eb42d56 -> 
========================================================================
Received Import Request.
  Time since last request: 62.525763 seconds.
  path: Assets/UI/DashBoard.xaml
  artifactKey: Guid(00526ceec520a7d439d87003385cc862) Importer(815301076,1909f56bfc062723c751e8b465ee728b)
Start importing Assets/UI/DashBoard.xaml using Guid(00526ceec520a7d439d87003385cc862) Importer(815301076,1909f56bfc062723c751e8b465ee728b)  -> (artifact id: '909043ff64a23c6bc179d629594976ae') in 0.183097 seconds
Number of updated asset objects reloaded before import = 0
Number of asset objects unloaded after import = 5
========================================================================
Received Import Request.
  Time since last request: 2.776140 seconds.
  path: Assets/UI/DashBoard.xaml.cs
  artifactKey: Guid(e4b0247dcdf79be46b96582a392b20f9) Importer(815301076,1909f56bfc062723c751e8b465ee728b)
Start importing Assets/UI/DashBoard.xaml.cs using Guid(e4b0247dcdf79be46b96582a392b20f9) Importer(815301076,1909f56bfc062723c751e8b465ee728b)  -> (artifact id: 'd9b97402e64dd93aaf5ba3bc267b55a8') in 0.000469 seconds
Number of updated asset objects reloaded before import = 0
Number of asset objects unloaded after import = 0
========================================================================
Received Prepare
Begin MonoManager ReloadAssembly
- Loaded All Assemblies, in  0.438 seconds
Refreshing native plugins compatible for Editor in 4.31 ms, found 4 plugins.
Native extension for WindowsStandalone target not found
Native extension for WebGL target not found
[Package Manager] Server::EnsureServerProcessIsRunning -- launch failed, reason: Unity was launched with the -noUpm command-line argument
[Package Manager] UpmClient::Send -- Unable to send message (not connected to UPM process).
[Package Manager] Cannot connect to Unity Package Manager local server
Mono: successfully reloaded assembly
- Finished resetting the current domain, in  0.755 seconds
Domain Reload Profiling: 1193ms
	BeginReloadAssembly (180ms)
		ExecutionOrderSort (0ms)
		DisableScriptedObjects (7ms)
		BackupInstance (0ms)
		ReleaseScriptingObjects (0ms)
		CreateAndSetChildDomain (60ms)
	RebuildCommonClasses (31ms)
	RebuildNativeTypeToScriptingClass (11ms)
	initialDomainReloadingComplete (20ms)
	LoadAllAssembliesAndSetupDomain (195ms)
		LoadAssemblies (250ms)
		RebuildTransferFunctionScriptingTraits (0ms)
		AnalyzeDomain (27ms)
			TypeCache.Refresh (9ms)
				TypeCache.ScanAssembly (0ms)
			ScanForSourceGeneratedMonoScriptInfo (11ms)
			ResolveRequiredComponents (5ms)
	FinalizeReload (755ms)
		ReleaseScriptCaches (0ms)
		RebuildScriptCaches (0ms)
		SetupLoadedEditorAssemblies (424ms)
			LogAssemblyErrors (0ms)
			InitializePlatformSupportModulesInManaged (4ms)
			SetLoadedEditorAssemblies (5ms)
			RefreshPlugins (0ms)
			BeforeProcessingInitializeOnLoad (69ms)
			ProcessInitializeOnLoadAttributes (326ms)
			ProcessInitializeOnLoadMethodAttributes (17ms)
			AfterProcessingInitializeOnLoad (2ms)
			EditorAssembliesLoaded (0ms)
		ExecutionOrderSort2 (0ms)
		AwakeInstancesAfterBackupRestoration (7ms)
Refreshing native plugins compatible for Editor in 2.87 ms, found 4 plugins.
Preloading 1 native plugins for Editor in 0.03 ms.
Unloading 4231 Unused Serialized files (Serialized files now loaded: 0)
Unloading 39 unused Assets / (39.4 KB). Loaded Objects now: 4694.
Memory consumption went from 148.2 MB to 148.2 MB.
Total: 3.429800 ms (FindLiveObjects: 0.341900 ms CreateObjectMapping: 0.236400 ms MarkObjects: 2.759200 ms  DeleteObjects: 0.091100 ms)

Prepare: number of updated asset objects reloaded= 0
AssetImportParameters requested are different than current active one (requested -> active):
  custom:container-demuxer-ogg: 62fdf1f143b41e24485cea50d1cbac27 -> 
  custom:video-decoder-ogg-theora: a1e56fd34408186e4bbccfd4996cb3dc -> 
  custom:framework-win-MediaFoundation: 216162199b28c13a410421893ffa2e32 -> 
  custom:scripting/monoscript/fileName/UnityNoesisGUITestMainView.xaml.cs: 424ace271e33e819a76465dbaa0113bf -> 
  custom:CustomObjectIndexerAttribute: 9a22284fe3817be447336de3de66b15e -> 
  custom:container-demuxer-webm: 4f35f7cbe854078d1ac9338744f61a02 -> 
  custom:Noesis_ApplicationResources: 547730b8ea009c5c38da7d097a3a42ce -> 
  custom:scripting/monoscript/fileName/Dashboard.xaml.cs: 7032a55f39419bece45864393a9d7fd1 -> 856b080f25261c0ab2fbccd4c899327e
  custom:container-muxer-webm: aa71ff27fc2769a1b78a27578f13a17b -> 
  custom:video-decoder-webm-vp8: 9c59270c3fd7afecdb556c50c9e8de78 -> 
  custom:SearchIndexIgnoredProperties: e643bd26f0fe6173181afceb89e7c659 -> 
  custom:AudioImporter_EditorPlatform: d09bf68614088b80899f8185d706f6e7 -> 
  custom:video-encoder-webm-vp8: eb34c28f22e8b96e1ab97ce403110664 -> 
  custom:audio-decoder-ogg-vorbis: bf7c407c2cedff20999df2af8eb42d56 -> 
  custom:audio-encoder-webm-vorbis: bf7c407c2cedff20999df2af8eb42d56 -> 
========================================================================
Received Prepare
Begin MonoManager ReloadAssembly
- Loaded All Assemblies, in  0.393 seconds
Refreshing native plugins compatible for Editor in 3.50 ms, found 4 plugins.
Native extension for WindowsStandalone target not found
Native extension for WebGL target not found
[Package Manager] Server::EnsureServerProcessIsRunning -- launch failed, reason: Unity was launched with the -noUpm command-line argument
[Package Manager] UpmClient::Send -- Unable to send message (not connected to UPM process).
[Package Manager] Cannot connect to Unity Package Manager local server
Mono: successfully reloaded assembly
- Finished resetting the current domain, in  0.754 seconds
Domain Reload Profiling: 1148ms
	BeginReloadAssembly (155ms)
		ExecutionOrderSort (0ms)
		DisableScriptedObjects (5ms)
		BackupInstance (0ms)
		ReleaseScriptingObjects (0ms)
		CreateAndSetChildDomain (34ms)
	RebuildCommonClasses (32ms)
	RebuildNativeTypeToScriptingClass (11ms)
	initialDomainReloadingComplete (22ms)
	LoadAllAssembliesAndSetupDomain (173ms)
		LoadAssemblies (216ms)
		RebuildTransferFunctionScriptingTraits (0ms)
		AnalyzeDomain (36ms)
			TypeCache.Refresh (11ms)
				TypeCache.ScanAssembly (1ms)
			ScanForSourceGeneratedMonoScriptInfo (18ms)
			ResolveRequiredComponents (6ms)
	FinalizeReload (755ms)
		ReleaseScriptCaches (0ms)
		RebuildScriptCaches (0ms)
		SetupLoadedEditorAssemblies (406ms)
			LogAssemblyErrors (0ms)
			InitializePlatformSupportModulesInManaged (5ms)
			SetLoadedEditorAssemblies (4ms)
			RefreshPlugins (0ms)
			BeforeProcessingInitializeOnLoad (62ms)
			ProcessInitializeOnLoadAttributes (315ms)
			ProcessInitializeOnLoadMethodAttributes (18ms)
			AfterProcessingInitializeOnLoad (2ms)
			EditorAssembliesLoaded (0ms)
		ExecutionOrderSort2 (0ms)
		AwakeInstancesAfterBackupRestoration (6ms)
Refreshing native plugins compatible for Editor in 6.77 ms, found 4 plugins.
Preloading 1 native plugins for Editor in 0.05 ms.
Unloading 4229 Unused Serialized files (Serialized files now loaded: 0)
Unloading 42 unused Assets / (41.0 KB). Loaded Objects now: 4694.
Memory consumption went from 150.4 MB to 150.3 MB.
Total: 3.441200 ms (FindLiveObjects: 0.316800 ms CreateObjectMapping: 0.135200 ms MarkObjects: 2.919800 ms  DeleteObjects: 0.068400 ms)

Prepare: number of updated asset objects reloaded= 0
AssetImportParameters requested are different than current active one (requested -> active):
  custom:container-demuxer-ogg: 62fdf1f143b41e24485cea50d1cbac27 -> 
  custom:video-decoder-ogg-theora: a1e56fd34408186e4bbccfd4996cb3dc -> 
  custom:framework-win-MediaFoundation: 216162199b28c13a410421893ffa2e32 -> 
  custom:scripting/monoscript/fileName/UnityNoesisGUITestMainView.xaml.cs: 424ace271e33e819a76465dbaa0113bf -> 
  custom:CustomObjectIndexerAttribute: 9a22284fe3817be447336de3de66b15e -> 
  custom:container-demuxer-webm: 4f35f7cbe854078d1ac9338744f61a02 -> 
  custom:Noesis_ApplicationResources: 547730b8ea009c5c38da7d097a3a42ce -> 
  custom:scripting/monoscript/fileName/Dashboard.xaml.cs: 7032a55f39419bece45864393a9d7fd1 -> 856b080f25261c0ab2fbccd4c899327e
  custom:container-muxer-webm: aa71ff27fc2769a1b78a27578f13a17b -> 
  custom:video-decoder-webm-vp8: 9c59270c3fd7afecdb556c50c9e8de78 -> 
  custom:SearchIndexIgnoredProperties: e643bd26f0fe6173181afceb89e7c659 -> 
  custom:AudioImporter_EditorPlatform: d09bf68614088b80899f8185d706f6e7 -> 
  custom:video-encoder-webm-vp8: eb34c28f22e8b96e1ab97ce403110664 -> 
  custom:audio-decoder-ogg-vorbis: bf7c407c2cedff20999df2af8eb42d56 -> 
  custom:audio-encoder-webm-vorbis: bf7c407c2cedff20999df2af8eb42d56 -> 
========================================================================
Received Prepare
Begin MonoManager ReloadAssembly
- Loaded All Assemblies, in  0.357 seconds
Refreshing native plugins compatible for Editor in 3.07 ms, found 4 plugins.
Native extension for WindowsStandalone target not found
Native extension for WebGL target not found
[Package Manager] Server::EnsureServerProcessIsRunning -- launch failed, reason: Unity was launched with the -noUpm command-line argument
[Package Manager] UpmClient::Send -- Unable to send message (not connected to UPM process).
[Package Manager] Cannot connect to Unity Package Manager local server
Mono: successfully reloaded assembly
- Finished resetting the current domain, in  0.703 seconds
Domain Reload Profiling: 1060ms
	BeginReloadAssembly (128ms)
		ExecutionOrderSort (0ms)
		DisableScriptedObjects (4ms)
		BackupInstance (0ms)
		ReleaseScriptingObjects (0ms)
		CreateAndSetChildDomain (31ms)
	RebuildCommonClasses (31ms)
	RebuildNativeTypeToScriptingClass (11ms)
	initialDomainReloadingComplete (21ms)
	LoadAllAssembliesAndSetupDomain (164ms)
		LoadAssemblies (203ms)
		RebuildTransferFunctionScriptingTraits (0ms)
		AnalyzeDomain (29ms)
			TypeCache.Refresh (9ms)
				TypeCache.ScanAssembly (0ms)
			ScanForSourceGeneratedMonoScriptInfo (13ms)
			ResolveRequiredComponents (6ms)
	FinalizeReload (704ms)
		ReleaseScriptCaches (0ms)
		RebuildScriptCaches (0ms)
		SetupLoadedEditorAssemblies (410ms)
			LogAssemblyErrors (0ms)
			InitializePlatformSupportModulesInManaged (5ms)
			SetLoadedEditorAssemblies (4ms)
			RefreshPlugins (0ms)
			BeforeProcessingInitializeOnLoad (52ms)
			ProcessInitializeOnLoadAttributes (326ms)
			ProcessInitializeOnLoadMethodAttributes (21ms)
			AfterProcessingInitializeOnLoad (2ms)
			EditorAssembliesLoaded (0ms)
		ExecutionOrderSort2 (0ms)
		AwakeInstancesAfterBackupRestoration (8ms)
Refreshing native plugins compatible for Editor in 3.15 ms, found 4 plugins.
Preloading 1 native plugins for Editor in 0.04 ms.
Unloading 4230 Unused Serialized files (Serialized files now loaded: 0)
Unloading 39 unused Assets / (40.4 KB). Loaded Objects now: 4698.
Memory consumption went from 152.3 MB to 152.3 MB.
Total: 3.045600 ms (FindLiveObjects: 0.295600 ms CreateObjectMapping: 0.115200 ms MarkObjects: 2.548400 ms  DeleteObjects: 0.085300 ms)

Prepare: number of updated asset objects reloaded= 0
AssetImportParameters requested are different than current active one (requested -> active):
  custom:container-demuxer-ogg: 62fdf1f143b41e24485cea50d1cbac27 -> 
  custom:video-decoder-ogg-theora: a1e56fd34408186e4bbccfd4996cb3dc -> 
  custom:framework-win-MediaFoundation: 216162199b28c13a410421893ffa2e32 -> 
  custom:scripting/monoscript/fileName/UnityNoesisGUITestMainView.xaml.cs: 424ace271e33e819a76465dbaa0113bf -> 
  custom:CustomObjectIndexerAttribute: 9a22284fe3817be447336de3de66b15e -> 
  custom:container-demuxer-webm: 4f35f7cbe854078d1ac9338744f61a02 -> 
  custom:Noesis_ApplicationResources: 547730b8ea009c5c38da7d097a3a42ce -> 
  custom:scripting/monoscript/fileName/Dashboard.xaml.cs: 7032a55f39419bece45864393a9d7fd1 -> 856b080f25261c0ab2fbccd4c899327e
  custom:container-muxer-webm: aa71ff27fc2769a1b78a27578f13a17b -> 
  custom:video-decoder-webm-vp8: 9c59270c3fd7afecdb556c50c9e8de78 -> 
  custom:SearchIndexIgnoredProperties: e643bd26f0fe6173181afceb89e7c659 -> 
  custom:AudioImporter_EditorPlatform: d09bf68614088b80899f8185d706f6e7 -> 
  custom:video-encoder-webm-vp8: eb34c28f22e8b96e1ab97ce403110664 -> 
  custom:audio-decoder-ogg-vorbis: bf7c407c2cedff20999df2af8eb42d56 -> 
  custom:audio-encoder-webm-vorbis: bf7c407c2cedff20999df2af8eb42d56 -> 
========================================================================
Received Import Request.
  Time since last request: 9409.533396 seconds.
  path: Assets/UI/DashBoard.xaml
  artifactKey: Guid(00526ceec520a7d439d87003385cc862) Importer(815301076,1909f56bfc062723c751e8b465ee728b)
Start importing Assets/UI/DashBoard.xaml using Guid(00526ceec520a7d439d87003385cc862) Importer(815301076,1909f56bfc062723c751e8b465ee728b)  -> (artifact id: '30bbc55c59f8a1a38afd97d4ce13d192') in 0.163913 seconds
Number of updated asset objects reloaded before import = 0
Number of asset objects unloaded after import = 5
========================================================================
Received Import Request.
  Time since last request: 515.432051 seconds.
  path: Assets/UI/DashBoard.xaml
  artifactKey: Guid(00526ceec520a7d439d87003385cc862) Importer(815301076,1909f56bfc062723c751e8b465ee728b)
Start importing Assets/UI/DashBoard.xaml using Guid(00526ceec520a7d439d87003385cc862) Importer(815301076,1909f56bfc062723c751e8b465ee728b)  -> (artifact id: '79767dcd8f43ffdddc937ccec31352d0') in 0.042440 seconds
Number of updated asset objects reloaded before import = 0
Number of asset objects unloaded after import = 5
========================================================================
Received Import Request.
  Time since last request: 134.467192 seconds.
  path: Assets/UI/DashBoard.xaml
  artifactKey: Guid(00526ceec520a7d439d87003385cc862) Importer(815301076,1909f56bfc062723c751e8b465ee728b)
Start importing Assets/UI/DashBoard.xaml using Guid(00526ceec520a7d439d87003385cc862) Importer(815301076,1909f56bfc062723c751e8b465ee728b)  -> (artifact id: 'd0c0755b2f3bac0059f45dde7afb4ddc') in 0.088525 seconds
Number of updated asset objects reloaded before import = 0
Number of asset objects unloaded after import = 7
========================================================================
Received Import Request.
  Time since last request: 6.136733 seconds.
  path: Assets/Fonts/hannotest-regular.otf
  artifactKey: Guid(7946b0f40ef38da498ab7a3209ff1db7) Importer(815301076,1909f56bfc062723c751e8b465ee728b)
Start importing Assets/Fonts/hannotest-regular.otf using Guid(7946b0f40ef38da498ab7a3209ff1db7) Importer(815301076,1909f56bfc062723c751e8b465ee728b)  -> (artifact id: '7912ed258adcd0f9f20ce508dc7f3a35') in 0.022870 seconds
Number of updated asset objects reloaded before import = 0
Number of asset objects unloaded after import = 5
========================================================================
Received Import Request.
  Time since last request: 0.000021 seconds.
  path: Assets/Fonts/Urbanist-Medium.ttf
  artifactKey: Guid(c903a022384f43749b7a0c2519743a71) Importer(815301076,1909f56bfc062723c751e8b465ee728b)
Start importing Assets/Fonts/Urbanist-Medium.ttf using Guid(c903a022384f43749b7a0c2519743a71) Importer(815301076,1909f56bfc062723c751e8b465ee728b)  -> (artifact id: '1870f5b83b0ce300e51bff53f8a94e87') in 0.033114 seconds
Number of updated asset objects reloaded before import = 0
Number of asset objects unloaded after import = 5
========================================================================
Received Import Request.
  Time since last request: 0.000028 seconds.
  path: Assets/Fonts/Urbanist-LightItalic.ttf
  artifactKey: Guid(71e83973ddbd40448b07b3f05e82e01f) Importer(815301076,1909f56bfc062723c751e8b465ee728b)
Start importing Assets/Fonts/Urbanist-LightItalic.ttf using Guid(71e83973ddbd40448b07b3f05e82e01f) Importer(815301076,1909f56bfc062723c751e8b465ee728b)  -> (artifact id: '368e1b14f9a75d3a79417ae02b830930') in 0.029811 seconds
Number of updated asset objects reloaded before import = 0
Number of asset objects unloaded after import = 5
========================================================================
Received Import Request.
  Time since last request: 0.000028 seconds.
  path: Assets/Fonts/Urbanist-SemiBold.ttf
  artifactKey: Guid(8f38d3e584e11f24f8e4dc8321114d84) Importer(815301076,1909f56bfc062723c751e8b465ee728b)
Start importing Assets/Fonts/Urbanist-SemiBold.ttf using Guid(8f38d3e584e11f24f8e4dc8321114d84) Importer(815301076,1909f56bfc062723c751e8b465ee728b)  -> (artifact id: '71bcd629fc624ab6290ffb46ef678b45') in 0.015431 seconds
Number of updated asset objects reloaded before import = 0
Number of asset objects unloaded after import = 5
========================================================================
Received Import Request.
  Time since last request: 0.000025 seconds.
  path: Assets/Fonts/Urbanist-ExtraLightItalic.ttf
  artifactKey: Guid(5d754c4e978808d4c99a1f014d534036) Importer(815301076,1909f56bfc062723c751e8b465ee728b)
Start importing Assets/Fonts/Urbanist-ExtraLightItalic.ttf using Guid(5d754c4e978808d4c99a1f014d534036) Importer(815301076,1909f56bfc062723c751e8b465ee728b)  -> (artifact id: '47fae03eea6c225bc6393a6025cb9caa') in 0.014802 seconds
Number of updated asset objects reloaded before import = 0
Number of asset objects unloaded after import = 5
========================================================================
Received Import Request.
  Time since last request: 0.000015 seconds.
  path: Assets/Fonts/Urbanist-ThinItalic.ttf
  artifactKey: Guid(c20e35d568c72204fa4d810f7aa89b96) Importer(815301076,1909f56bfc062723c751e8b465ee728b)
Start importing Assets/Fonts/Urbanist-ThinItalic.ttf using Guid(c20e35d568c72204fa4d810f7aa89b96) Importer(815301076,1909f56bfc062723c751e8b465ee728b)  -> (artifact id: 'a536518beabf769af5fe53f5dc863732') in 0.007669 seconds
Number of updated asset objects reloaded before import = 0
Number of asset objects unloaded after import = 5
========================================================================
Received Import Request.
  Time since last request: 0.000014 seconds.
  path: Assets/Fonts/Urbanist-ExtraBoldItalic.ttf
  artifactKey: Guid(80a38de617e15da46b97a963fa42167c) Importer(815301076,1909f56bfc062723c751e8b465ee728b)
Start importing Assets/Fonts/Urbanist-ExtraBoldItalic.ttf using Guid(80a38de617e15da46b97a963fa42167c) Importer(815301076,1909f56bfc062723c751e8b465ee728b)  -> (artifact id: '7a2bfd697b6eeeaa4eab161522b1c335') in 0.014028 seconds
Number of updated asset objects reloaded before import = 0
Number of asset objects unloaded after import = 5
========================================================================
Received Import Request.
  Time since last request: 0.000018 seconds.
  path: Assets/Fonts/Urbanist-ExtraLight.ttf
  artifactKey: Guid(0c4792244526cb04281eb1d9893a9074) Importer(815301076,1909f56bfc062723c751e8b465ee728b)
Start importing Assets/Fonts/Urbanist-ExtraLight.ttf using Guid(0c4792244526cb04281eb1d9893a9074) Importer(815301076,1909f56bfc062723c751e8b465ee728b)  -> (artifact id: '4fcb8cd1d57a8851749aab9111cd2dec') in 0.014130 seconds
Number of updated asset objects reloaded before import = 0
Number of asset objects unloaded after import = 5
========================================================================
Received Import Request.
  Time since last request: 0.000037 seconds.
  path: Assets/Fonts/Urbanist-Regular.ttf
  artifactKey: Guid(d835cac0795195b4e94f48c2a304d544) Importer(815301076,1909f56bfc062723c751e8b465ee728b)
Start importing Assets/Fonts/Urbanist-Regular.ttf using Guid(d835cac0795195b4e94f48c2a304d544) Importer(815301076,1909f56bfc062723c751e8b465ee728b)  -> (artifact id: 'a3fab27f9d66ac79740e70adf221b0d9') in 0.016706 seconds
Number of updated asset objects reloaded before import = 0
Number of asset objects unloaded after import = 5
========================================================================
Received Import Request.
  Time since last request: 0.000015 seconds.
  path: Assets/Fonts/Urbanist-Light.ttf
  artifactKey: Guid(0ad72e3adb6940b48b23a747052ae75e) Importer(815301076,1909f56bfc062723c751e8b465ee728b)
Start importing Assets/Fonts/Urbanist-Light.ttf using Guid(0ad72e3adb6940b48b23a747052ae75e) Importer(815301076,1909f56bfc062723c751e8b465ee728b)  -> (artifact id: '1ab99809fc389379608430d3ee4bc415') in 0.015541 seconds
Number of updated asset objects reloaded before import = 0
Number of asset objects unloaded after import = 5
========================================================================
Received Import Request.
  Time since last request: 0.000017 seconds.
  path: Assets/Fonts/Urbanist-Bold.ttf
  artifactKey: Guid(f90c82bac28cb20459c2fea2e30b69da) Importer(815301076,1909f56bfc062723c751e8b465ee728b)
Start importing Assets/Fonts/Urbanist-Bold.ttf using Guid(f90c82bac28cb20459c2fea2e30b69da) Importer(815301076,1909f56bfc062723c751e8b465ee728b)  -> (artifact id: '53a6a80b7020a62d6326d1fdcc5ca7dd') in 0.012576 seconds
Number of updated asset objects reloaded before import = 0
Number of asset objects unloaded after import = 5
========================================================================
Received Import Request.
  Time since last request: 0.000023 seconds.
  path: Assets/Fonts/Urbanist-ExtraBold.ttf
  artifactKey: Guid(30c5d7ccc15563f439f0275556adbfbd) Importer(815301076,1909f56bfc062723c751e8b465ee728b)
Start importing Assets/Fonts/Urbanist-ExtraBold.ttf using Guid(30c5d7ccc15563f439f0275556adbfbd) Importer(815301076,1909f56bfc062723c751e8b465ee728b)  -> (artifact id: 'e9674659be5bebfbe8d7225526dbc8f7') in 0.014108 seconds
Number of updated asset objects reloaded before import = 0
Number of asset objects unloaded after import = 5
========================================================================
Received Import Request.
  Time since last request: 0.000014 seconds.
  path: Assets/Fonts/Urbanist-BlackItalic.ttf
  artifactKey: Guid(e0c8bc3b6c8a4af4b95498858971a04c) Importer(815301076,1909f56bfc062723c751e8b465ee728b)
Start importing Assets/Fonts/Urbanist-BlackItalic.ttf using Guid(e0c8bc3b6c8a4af4b95498858971a04c) Importer(815301076,1909f56bfc062723c751e8b465ee728b)  -> (artifact id: 'db8a3b06c816054015153302bf723a0c') in 0.014746 seconds
Number of updated asset objects reloaded before import = 0
Number of asset objects unloaded after import = 5
========================================================================
Received Import Request.
  Time since last request: 0.000019 seconds.
  path: Assets/Fonts/Urbanist-BoldItalic.ttf
  artifactKey: Guid(8336317ec044b42408d6909ec407b22d) Importer(815301076,1909f56bfc062723c751e8b465ee728b)
Start importing Assets/Fonts/Urbanist-BoldItalic.ttf using Guid(8336317ec044b42408d6909ec407b22d) Importer(815301076,1909f56bfc062723c751e8b465ee728b)  -> (artifact id: 'd926146c3e8ae9d9efd4c2466db20466') in 0.016948 seconds
Number of updated asset objects reloaded before import = 0
Number of asset objects unloaded after import = 5
========================================================================
Received Import Request.
  Time since last request: 0.000027 seconds.
  path: Assets/Fonts/Urbanist-Thin.ttf
  artifactKey: Guid(737b6ab5ab936c3439ba2706f690e55d) Importer(815301076,1909f56bfc062723c751e8b465ee728b)
Start importing Assets/Fonts/Urbanist-Thin.ttf using Guid(737b6ab5ab936c3439ba2706f690e55d) Importer(815301076,1909f56bfc062723c751e8b465ee728b)  -> (artifact id: '02db735df27ba604720b79e457c8c538') in 0.014724 seconds
Number of updated asset objects reloaded before import = 0
Number of asset objects unloaded after import = 5
========================================================================
Received Import Request.
  Time since last request: 1.667492 seconds.
  path: Assets/Images/logo.png
  artifactKey: Guid(05bf0d19aa12a624aae47b8ae39f6768) Importer(815301076,1909f56bfc062723c751e8b465ee728b)
Start importing Assets/Images/logo.png using Guid(05bf0d19aa12a624aae47b8ae39f6768) Importer(815301076,1909f56bfc062723c751e8b465ee728b)  -> (artifact id: '00e0cb6ea9a2b64248518bf81330d61b') in 0.045819 seconds
Number of updated asset objects reloaded before import = 0
Number of asset objects unloaded after import = 2
========================================================================
Received Import Request.
  Time since last request: 212.468693 seconds.
  path: Assets/UI/DashBoard.xaml
  artifactKey: Guid(00526ceec520a7d439d87003385cc862) Importer(815301076,1909f56bfc062723c751e8b465ee728b)
Start importing Assets/UI/DashBoard.xaml using Guid(00526ceec520a7d439d87003385cc862) Importer(815301076,1909f56bfc062723c751e8b465ee728b)  -> (artifact id: 'fcd0b6db8c2a9ef6d3c4e68068c07c10') in 0.020133 seconds
Number of updated asset objects reloaded before import = 0
Number of asset objects unloaded after import = 26
========================================================================
Received Prepare
Begin MonoManager ReloadAssembly
- Loaded All Assemblies, in  0.444 seconds
Refreshing native plugins compatible for Editor in 3.05 ms, found 4 plugins.
Native extension for WindowsStandalone target not found
Native extension for WebGL target not found
[Package Manager] Server::EnsureServerProcessIsRunning -- launch failed, reason: Unity was launched with the -noUpm command-line argument
[Package Manager] UpmClient::Send -- Unable to send message (not connected to UPM process).
[Package Manager] Cannot connect to Unity Package Manager local server
Mono: successfully reloaded assembly
- Finished resetting the current domain, in  0.746 seconds
Domain Reload Profiling: 1191ms
	BeginReloadAssembly (168ms)
		ExecutionOrderSort (0ms)
		DisableScriptedObjects (4ms)
		BackupInstance (0ms)
		ReleaseScriptingObjects (0ms)
		CreateAndSetChildDomain (56ms)
	RebuildCommonClasses (31ms)
	RebuildNativeTypeToScriptingClass (11ms)
	initialDomainReloadingComplete (22ms)
	LoadAllAssembliesAndSetupDomain (212ms)
		LoadAssemblies (258ms)
		RebuildTransferFunctionScriptingTraits (0ms)
		AnalyzeDomain (27ms)
			TypeCache.Refresh (10ms)
				TypeCache.ScanAssembly (0ms)
			ScanForSourceGeneratedMonoScriptInfo (11ms)
			ResolveRequiredComponents (5ms)
	FinalizeReload (747ms)
		ReleaseScriptCaches (0ms)
		RebuildScriptCaches (0ms)
		SetupLoadedEditorAssemblies (419ms)
			LogAssemblyErrors (0ms)
			InitializePlatformSupportModulesInManaged (5ms)
			SetLoadedEditorAssemblies (5ms)
			RefreshPlugins (0ms)
			BeforeProcessingInitializeOnLoad (63ms)
			ProcessInitializeOnLoadAttributes (326ms)
			ProcessInitializeOnLoadMethodAttributes (18ms)
			AfterProcessingInitializeOnLoad (2ms)
			EditorAssembliesLoaded (0ms)
		ExecutionOrderSort2 (0ms)
		AwakeInstancesAfterBackupRestoration (6ms)
Refreshing native plugins compatible for Editor in 7.03 ms, found 4 plugins.
Preloading 1 native plugins for Editor in 0.07 ms.
Unloading 4229 Unused Serialized files (Serialized files now loaded: 0)
Unloading 39 unused Assets / (39.4 KB). Loaded Objects now: 4703.
Memory consumption went from 154.0 MB to 154.0 MB.
Total: 3.081500 ms (FindLiveObjects: 0.270000 ms CreateObjectMapping: 0.158000 ms MarkObjects: 2.570000 ms  DeleteObjects: 0.082300 ms)

Prepare: number of updated asset objects reloaded= 0
AssetImportParameters requested are different than current active one (requested -> active):
  custom:container-demuxer-ogg: 62fdf1f143b41e24485cea50d1cbac27 -> 
  custom:video-decoder-ogg-theora: a1e56fd34408186e4bbccfd4996cb3dc -> 
  custom:framework-win-MediaFoundation: 216162199b28c13a410421893ffa2e32 -> 
  custom:scripting/monoscript/fileName/UnityNoesisGUITestMainView.xaml.cs: 424ace271e33e819a76465dbaa0113bf -> 
  custom:CustomObjectIndexerAttribute: 9a22284fe3817be447336de3de66b15e -> 
  custom:container-demuxer-webm: 4f35f7cbe854078d1ac9338744f61a02 -> 
  custom:Noesis_ApplicationResources: 547730b8ea009c5c38da7d097a3a42ce -> 
  custom:scripting/monoscript/fileName/Dashboard.xaml.cs: 7032a55f39419bece45864393a9d7fd1 -> 856b080f25261c0ab2fbccd4c899327e
  custom:container-muxer-webm: aa71ff27fc2769a1b78a27578f13a17b -> 
  custom:video-decoder-webm-vp8: 9c59270c3fd7afecdb556c50c9e8de78 -> 
  custom:SearchIndexIgnoredProperties: e643bd26f0fe6173181afceb89e7c659 -> 
  custom:AudioImporter_EditorPlatform: d09bf68614088b80899f8185d706f6e7 -> 
  custom:video-encoder-webm-vp8: eb34c28f22e8b96e1ab97ce403110664 -> 
  custom:audio-decoder-ogg-vorbis: bf7c407c2cedff20999df2af8eb42d56 -> 
  custom:audio-encoder-webm-vorbis: bf7c407c2cedff20999df2af8eb42d56 -> 
========================================================================
Received Import Request.
  Time since last request: 119.971118 seconds.
  path: Assets/UI/DashBoard.xaml
  artifactKey: Guid(00526ceec520a7d439d87003385cc862) Importer(815301076,1909f56bfc062723c751e8b465ee728b)
Start importing Assets/UI/DashBoard.xaml using Guid(00526ceec520a7d439d87003385cc862) Importer(815301076,1909f56bfc062723c751e8b465ee728b)  -> (artifact id: '0f7cc5143ab3b1328d410305c730b2de') in 0.181358 seconds
Number of updated asset objects reloaded before import = 0
Number of asset objects unloaded after import = 26
========================================================================
Received Prepare
Refreshing native plugins compatible for Editor in 4.73 ms, found 4 plugins.
Preloading 1 native plugins for Editor in 0.06 ms.
Unloading 0 Unused Serialized files (Serialized files now loaded: 0)
Unloading 1 unused Assets / (0.9 KB). Loaded Objects now: 4703.
Memory consumption went from 88.8 MB to 88.8 MB.
Total: 5.359300 ms (FindLiveObjects: 0.468000 ms CreateObjectMapping: 0.417200 ms MarkObjects: 4.441500 ms  DeleteObjects: 0.031200 ms)

Prepare: number of updated asset objects reloaded= 0
AssetImportParameters requested are different than current active one (requested -> active):
  custom:container-demuxer-ogg: 62fdf1f143b41e24485cea50d1cbac27 -> 
  custom:video-decoder-ogg-theora: a1e56fd34408186e4bbccfd4996cb3dc -> 
  custom:framework-win-MediaFoundation: 216162199b28c13a410421893ffa2e32 -> 
  custom:scripting/monoscript/fileName/UnityNoesisGUITestMainView.xaml.cs: 424ace271e33e819a76465dbaa0113bf -> 
  custom:CustomObjectIndexerAttribute: 9a22284fe3817be447336de3de66b15e -> 
  custom:container-demuxer-webm: 4f35f7cbe854078d1ac9338744f61a02 -> 
  custom:Noesis_ApplicationResources: 547730b8ea009c5c38da7d097a3a42ce -> 
  custom:scripting/monoscript/fileName/Dashboard.xaml.cs: 7032a55f39419bece45864393a9d7fd1 -> 856b080f25261c0ab2fbccd4c899327e
  custom:container-muxer-webm: aa71ff27fc2769a1b78a27578f13a17b -> 
  custom:video-decoder-webm-vp8: 9c59270c3fd7afecdb556c50c9e8de78 -> 
  custom:SearchIndexIgnoredProperties: e643bd26f0fe6173181afceb89e7c659 -> 
  custom:AudioImporter_EditorPlatform: d09bf68614088b80899f8185d706f6e7 -> 
  custom:video-encoder-webm-vp8: eb34c28f22e8b96e1ab97ce403110664 -> 
  custom:audio-decoder-ogg-vorbis: bf7c407c2cedff20999df2af8eb42d56 -> 
  custom:audio-encoder-webm-vorbis: bf7c407c2cedff20999df2af8eb42d56 -> 
========================================================================
Received Prepare
Begin MonoManager ReloadAssembly
- Loaded All Assemblies, in  0.373 seconds
Refreshing native plugins compatible for Editor in 3.01 ms, found 4 plugins.
Native extension for WindowsStandalone target not found
Native extension for WebGL target not found
[Package Manager] Server::EnsureServerProcessIsRunning -- launch failed, reason: Unity was launched with the -noUpm command-line argument
[Package Manager] UpmClient::Send -- Unable to send message (not connected to UPM process).
[Package Manager] Cannot connect to Unity Package Manager local server
Mono: successfully reloaded assembly
- Finished resetting the current domain, in  0.755 seconds
Domain Reload Profiling: 1129ms
	BeginReloadAssembly (155ms)
		ExecutionOrderSort (0ms)
		DisableScriptedObjects (5ms)
		BackupInstance (0ms)
		ReleaseScriptingObjects (0ms)
		CreateAndSetChildDomain (50ms)
	RebuildCommonClasses (34ms)
	RebuildNativeTypeToScriptingClass (11ms)
	initialDomainReloadingComplete (21ms)
	LoadAllAssembliesAndSetupDomain (153ms)
		LoadAssemblies (211ms)
		RebuildTransferFunctionScriptingTraits (0ms)
		AnalyzeDomain (13ms)
			TypeCache.Refresh (6ms)
				TypeCache.ScanAssembly (0ms)
			ScanForSourceGeneratedMonoScriptInfo (0ms)
			ResolveRequiredComponents (5ms)
	FinalizeReload (756ms)
		ReleaseScriptCaches (0ms)
		RebuildScriptCaches (0ms)
		SetupLoadedEditorAssemblies (428ms)
			LogAssemblyErrors (0ms)
			InitializePlatformSupportModulesInManaged (6ms)
			SetLoadedEditorAssemblies (4ms)
			RefreshPlugins (0ms)
			BeforeProcessingInitializeOnLoad (59ms)
			ProcessInitializeOnLoadAttributes (336ms)
			ProcessInitializeOnLoadMethodAttributes (20ms)
			AfterProcessingInitializeOnLoad (2ms)
			EditorAssembliesLoaded (0ms)
		ExecutionOrderSort2 (0ms)
		AwakeInstancesAfterBackupRestoration (7ms)
Refreshing native plugins compatible for Editor in 3.18 ms, found 4 plugins.
Preloading 1 native plugins for Editor in 0.03 ms.
Unloading 4230 Unused Serialized files (Serialized files now loaded: 0)
Unloading 39 unused Assets / (39.4 KB). Loaded Objects now: 4706.
Memory consumption went from 156.2 MB to 156.2 MB.
Total: 4.256300 ms (FindLiveObjects: 0.327600 ms CreateObjectMapping: 0.140000 ms MarkObjects: 3.713200 ms  DeleteObjects: 0.074100 ms)

Prepare: number of updated asset objects reloaded= 0
AssetImportParameters requested are different than current active one (requested -> active):
  custom:container-demuxer-ogg: 62fdf1f143b41e24485cea50d1cbac27 -> 
  custom:video-decoder-ogg-theora: a1e56fd34408186e4bbccfd4996cb3dc -> 
  custom:framework-win-MediaFoundation: 216162199b28c13a410421893ffa2e32 -> 
  custom:scripting/monoscript/fileName/UnityNoesisGUITestMainView.xaml.cs: 424ace271e33e819a76465dbaa0113bf -> 
  custom:CustomObjectIndexerAttribute: 9a22284fe3817be447336de3de66b15e -> 
  custom:container-demuxer-webm: 4f35f7cbe854078d1ac9338744f61a02 -> 
  custom:Noesis_ApplicationResources: 547730b8ea009c5c38da7d097a3a42ce -> 
  custom:scripting/monoscript/fileName/Dashboard.xaml.cs: 7032a55f39419bece45864393a9d7fd1 -> 856b080f25261c0ab2fbccd4c899327e
  custom:container-muxer-webm: aa71ff27fc2769a1b78a27578f13a17b -> 
  custom:video-decoder-webm-vp8: 9c59270c3fd7afecdb556c50c9e8de78 -> 
  custom:SearchIndexIgnoredProperties: e643bd26f0fe6173181afceb89e7c659 -> 
  custom:AudioImporter_EditorPlatform: d09bf68614088b80899f8185d706f6e7 -> 
  custom:video-encoder-webm-vp8: eb34c28f22e8b96e1ab97ce403110664 -> 
  custom:audio-decoder-ogg-vorbis: bf7c407c2cedff20999df2af8eb42d56 -> 
  custom:audio-encoder-webm-vorbis: bf7c407c2cedff20999df2af8eb42d56 -> 
========================================================================
Received Prepare
Refreshing native plugins compatible for Editor in 2.81 ms, found 4 plugins.
Preloading 1 native plugins for Editor in 0.03 ms.
Unloading 1 Unused Serialized files (Serialized files now loaded: 0)
Unloading 1 unused Assets / (3.1 KB). Loaded Objects now: 4706.
Memory consumption went from 91.2 MB to 91.2 MB.
Total: 2.969500 ms (FindLiveObjects: 0.277600 ms CreateObjectMapping: 0.105600 ms MarkObjects: 2.559500 ms  DeleteObjects: 0.025800 ms)

Prepare: number of updated asset objects reloaded= 0
AssetImportParameters requested are different than current active one (requested -> active):
  custom:container-demuxer-ogg: 62fdf1f143b41e24485cea50d1cbac27 -> 
  custom:video-decoder-ogg-theora: a1e56fd34408186e4bbccfd4996cb3dc -> 
  custom:framework-win-MediaFoundation: 216162199b28c13a410421893ffa2e32 -> 
  custom:scripting/monoscript/fileName/UnityNoesisGUITestMainView.xaml.cs: 424ace271e33e819a76465dbaa0113bf -> 
  custom:CustomObjectIndexerAttribute: 9a22284fe3817be447336de3de66b15e -> 
  custom:container-demuxer-webm: 4f35f7cbe854078d1ac9338744f61a02 -> 
  custom:Noesis_ApplicationResources: 547730b8ea009c5c38da7d097a3a42ce -> 
  custom:scripting/monoscript/fileName/Dashboard.xaml.cs: 7032a55f39419bece45864393a9d7fd1 -> 856b080f25261c0ab2fbccd4c899327e
  custom:container-muxer-webm: aa71ff27fc2769a1b78a27578f13a17b -> 
  custom:video-decoder-webm-vp8: 9c59270c3fd7afecdb556c50c9e8de78 -> 
  custom:SearchIndexIgnoredProperties: e643bd26f0fe6173181afceb89e7c659 -> 
  custom:AudioImporter_EditorPlatform: d09bf68614088b80899f8185d706f6e7 -> 
  custom:video-encoder-webm-vp8: eb34c28f22e8b96e1ab97ce403110664 -> 
  custom:audio-decoder-ogg-vorbis: bf7c407c2cedff20999df2af8eb42d56 -> 
  custom:audio-encoder-webm-vorbis: bf7c407c2cedff20999df2af8eb42d56 -> 
========================================================================
Received Prepare
Begin MonoManager ReloadAssembly
- Loaded All Assemblies, in  0.382 seconds
Refreshing native plugins compatible for Editor in 2.62 ms, found 4 plugins.
Native extension for WindowsStandalone target not found
Native extension for WebGL target not found
[Package Manager] Server::EnsureServerProcessIsRunning -- launch failed, reason: Unity was launched with the -noUpm command-line argument
[Package Manager] UpmClient::Send -- Unable to send message (not connected to UPM process).
[Package Manager] Cannot connect to Unity Package Manager local server
Mono: successfully reloaded assembly
- Finished resetting the current domain, in  0.776 seconds
Domain Reload Profiling: 1158ms
	BeginReloadAssembly (139ms)
		ExecutionOrderSort (0ms)
		DisableScriptedObjects (4ms)
		BackupInstance (0ms)
		ReleaseScriptingObjects (0ms)
		CreateAndSetChildDomain (31ms)
	RebuildCommonClasses (30ms)
	RebuildNativeTypeToScriptingClass (10ms)
	initialDomainReloadingComplete (21ms)
	LoadAllAssembliesAndSetupDomain (181ms)
		LoadAssemblies (228ms)
		RebuildTransferFunctionScriptingTraits (0ms)
		AnalyzeDomain (26ms)
			TypeCache.Refresh (9ms)
				TypeCache.ScanAssembly (0ms)
			ScanForSourceGeneratedMonoScriptInfo (11ms)
			ResolveRequiredComponents (5ms)
	FinalizeReload (776ms)
		ReleaseScriptCaches (0ms)
		RebuildScriptCaches (0ms)
		SetupLoadedEditorAssemblies (416ms)
			LogAssemblyErrors (0ms)
			InitializePlatformSupportModulesInManaged (5ms)
			SetLoadedEditorAssemblies (5ms)
			RefreshPlugins (0ms)
			BeforeProcessingInitializeOnLoad (65ms)
			ProcessInitializeOnLoadAttributes (322ms)
			ProcessInitializeOnLoadMethodAttributes (17ms)
			AfterProcessingInitializeOnLoad (1ms)
			EditorAssembliesLoaded (0ms)
		ExecutionOrderSort2 (0ms)
		AwakeInstancesAfterBackupRestoration (5ms)
Refreshing native plugins compatible for Editor in 4.00 ms, found 4 plugins.
Preloading 1 native plugins for Editor in 0.03 ms.
Unloading 4230 Unused Serialized files (Serialized files now loaded: 0)
Unloading 39 unused Assets / (40.3 KB). Loaded Objects now: 4709.
Memory consumption went from 158.1 MB to 158.1 MB.
Total: 2.883300 ms (FindLiveObjects: 0.274300 ms CreateObjectMapping: 0.098800 ms MarkObjects: 2.429400 ms  DeleteObjects: 0.079400 ms)

Prepare: number of updated asset objects reloaded= 0
AssetImportParameters requested are different than current active one (requested -> active):
  custom:container-demuxer-ogg: 62fdf1f143b41e24485cea50d1cbac27 -> 
  custom:video-decoder-ogg-theora: a1e56fd34408186e4bbccfd4996cb3dc -> 
  custom:framework-win-MediaFoundation: 216162199b28c13a410421893ffa2e32 -> 
  custom:scripting/monoscript/fileName/UnityNoesisGUITestMainView.xaml.cs: 424ace271e33e819a76465dbaa0113bf -> 
  custom:CustomObjectIndexerAttribute: 9a22284fe3817be447336de3de66b15e -> 
  custom:container-demuxer-webm: 4f35f7cbe854078d1ac9338744f61a02 -> 
  custom:Noesis_ApplicationResources: 547730b8ea009c5c38da7d097a3a42ce -> 
  custom:scripting/monoscript/fileName/Dashboard.xaml.cs: 7032a55f39419bece45864393a9d7fd1 -> 856b080f25261c0ab2fbccd4c899327e
  custom:container-muxer-webm: aa71ff27fc2769a1b78a27578f13a17b -> 
  custom:video-decoder-webm-vp8: 9c59270c3fd7afecdb556c50c9e8de78 -> 
  custom:SearchIndexIgnoredProperties: e643bd26f0fe6173181afceb89e7c659 -> 
  custom:AudioImporter_EditorPlatform: d09bf68614088b80899f8185d706f6e7 -> 
  custom:video-encoder-webm-vp8: eb34c28f22e8b96e1ab97ce403110664 -> 
  custom:audio-decoder-ogg-vorbis: bf7c407c2cedff20999df2af8eb42d56 -> 
  custom:audio-encoder-webm-vorbis: bf7c407c2cedff20999df2af8eb42d56 -> 
========================================================================
Received Import Request.
  Time since last request: 3765.888865 seconds.
  path: Assets/UI/DashBoard.xaml
  artifactKey: Guid(00526ceec520a7d439d87003385cc862) Importer(815301076,1909f56bfc062723c751e8b465ee728b)
Start importing Assets/UI/DashBoard.xaml using Guid(00526ceec520a7d439d87003385cc862) Importer(815301076,1909f56bfc062723c751e8b465ee728b) [NOESIS/W] Virtualization disabled: ItemsPanel is not wrapped by a ScrollViewer
UnityEngine.StackTraceUtility:ExtractStackTrace ()
UnityEngine.DebugLogHandler:LogFormat (UnityEngine.LogType,UnityEngine.Object,string,object[])
UnityEngine.Logger:Log (UnityEngine.LogType,object,UnityEngine.Object)
UnityEngine.Debug:LogWarning (object,UnityEngine.Object)
NoesisUnity:UnityLog (int,string) (at D:/NoesisGUI-Unity-3.2.3-Indie/Runtime/NoesisUnity.cs:368)
Noesis.View:SetSize (int,int) (at D:/NoesisGUI-Unity-3.2.3-Indie/Runtime/API/Core/View.cs:65)
NoesisXamlEditor:RenderPreview (Noesis.View,int,int,double) (at D:/NoesisGUI-Unity-3.2.3-Indie/Editor/NoesisXamlEditor.cs:360)
NoesisXamlEditor:RenderStaticPreview (string,UnityEngine.Object[],int,int) (at D:/NoesisGUI-Unity-3.2.3-Indie/Editor/NoesisXamlEditor.cs:332)
UnityEditor.AssetPreviewUpdater:CreatePreview (UnityEngine.Object,UnityEngine.Object[],string,int,int)
UnityEditor.AssetPreviewUpdater:CreatePreviewForAsset (UnityEngine.Object,UnityEngine.Object[],string)

(Filename: D:/NoesisGUI-Unity-3.2.3-Indie/Runtime/NoesisUnity.cs Line: 368)

 -> (artifact id: '74ce65bff418c58fa4a9b88ff3ca0a05') in 0.183506 seconds
Number of updated asset objects reloaded before import = 0
Number of asset objects unloaded after import = 26
========================================================================
Received Prepare
Refreshing native plugins compatible for Editor in 3.16 ms, found 4 plugins.
Preloading 1 native plugins for Editor in 0.03 ms.
Unloading 0 Unused Serialized files (Serialized files now loaded: 0)
Unloading 1 unused Assets / (0.9 KB). Loaded Objects now: 4709.
Memory consumption went from 92.6 MB to 92.6 MB.
Total: 3.748900 ms (FindLiveObjects: 0.283700 ms CreateObjectMapping: 0.139300 ms MarkObjects: 3.302500 ms  DeleteObjects: 0.022600 ms)

Prepare: number of updated asset objects reloaded= 0
AssetImportParameters requested are different than current active one (requested -> active):
  custom:container-demuxer-ogg: 62fdf1f143b41e24485cea50d1cbac27 -> 
  custom:video-decoder-ogg-theora: a1e56fd34408186e4bbccfd4996cb3dc -> 
  custom:framework-win-MediaFoundation: 216162199b28c13a410421893ffa2e32 -> 
  custom:scripting/monoscript/fileName/UnityNoesisGUITestMainView.xaml.cs: 424ace271e33e819a76465dbaa0113bf -> 
  custom:CustomObjectIndexerAttribute: 9a22284fe3817be447336de3de66b15e -> 
  custom:container-demuxer-webm: 4f35f7cbe854078d1ac9338744f61a02 -> 
  custom:Noesis_ApplicationResources: 547730b8ea009c5c38da7d097a3a42ce -> 
  custom:scripting/monoscript/fileName/Dashboard.xaml.cs: 7032a55f39419bece45864393a9d7fd1 -> 856b080f25261c0ab2fbccd4c899327e
  custom:container-muxer-webm: aa71ff27fc2769a1b78a27578f13a17b -> 
  custom:video-decoder-webm-vp8: 9c59270c3fd7afecdb556c50c9e8de78 -> 
  custom:SearchIndexIgnoredProperties: e643bd26f0fe6173181afceb89e7c659 -> 
  custom:AudioImporter_EditorPlatform: d09bf68614088b80899f8185d706f6e7 -> 
  custom:video-encoder-webm-vp8: eb34c28f22e8b96e1ab97ce403110664 -> 
  custom:audio-decoder-ogg-vorbis: bf7c407c2cedff20999df2af8eb42d56 -> 
  custom:audio-encoder-webm-vorbis: bf7c407c2cedff20999df2af8eb42d56 -> 
========================================================================
Received Import Request.
  Time since last request: 66.192861 seconds.
  path: Packages/com.noesis.noesisgui/Theme/NoesisTheme.Brushes.DarkAqua.xaml
  artifactKey: Guid(7333071e048c53a4ab4788acddb7c816) Importer(815301076,1909f56bfc062723c751e8b465ee728b)
Start importing Packages/com.noesis.noesisgui/Theme/NoesisTheme.Brushes.DarkAqua.xaml using Guid(7333071e048c53a4ab4788acddb7c816) Importer(815301076,1909f56bfc062723c751e8b465ee728b)  -> (artifact id: '616f6df16e48e00f821f6ea1779d5807') in 0.004837 seconds
Number of updated asset objects reloaded before import = 0
Number of asset objects unloaded after import = 4
========================================================================
Received Import Request.
  Time since last request: 0.004613 seconds.
  path: Packages/com.noesis.noesisgui/Theme/NoesisTheme.Brushes.DarkCrimson.xaml
  artifactKey: Guid(b8c05c9586c7c184bbdbec73f7ac141f) Importer(815301076,1909f56bfc062723c751e8b465ee728b)
Start importing Packages/com.noesis.noesisgui/Theme/NoesisTheme.Brushes.DarkCrimson.xaml using Guid(b8c05c9586c7c184bbdbec73f7ac141f) Importer(815301076,1909f56bfc062723c751e8b465ee728b)  -> (artifact id: 'efb1e15380157288a04e3aa40f901f24') in 0.007756 seconds
Number of updated asset objects reloaded before import = 0
Number of asset objects unloaded after import = 4
========================================================================
Received Import Request.
  Time since last request: 0.004454 seconds.
  path: Packages/com.noesis.noesisgui/Theme/NoesisTheme.Brushes.DarkLime.xaml
  artifactKey: Guid(364bfe591fa994b479dce9e73db88429) Importer(815301076,1909f56bfc062723c751e8b465ee728b)
Start importing Packages/com.noesis.noesisgui/Theme/NoesisTheme.Brushes.DarkLime.xaml using Guid(364bfe591fa994b479dce9e73db88429) Importer(815301076,1909f56bfc062723c751e8b465ee728b)  -> (artifact id: '129f6deffe65a02f90c77a1ef5d1ff9b') in 0.005408 seconds
Number of updated asset objects reloaded before import = 0
Number of asset objects unloaded after import = 4
========================================================================
Received Import Request.
  Time since last request: 0.000015 seconds.
  path: Packages/com.noesis.noesisgui/Theme/NoesisTheme.Brushes.DarkGreen.xaml
  artifactKey: Guid(98d431f0ac2d07a4096172d5d9a8314a) Importer(815301076,1909f56bfc062723c751e8b465ee728b)
Start importing Packages/com.noesis.noesisgui/Theme/NoesisTheme.Brushes.DarkGreen.xaml using Guid(98d431f0ac2d07a4096172d5d9a8314a) Importer(815301076,1909f56bfc062723c751e8b465ee728b)  -> (artifact id: '07ed511d0103f239dcbf56bcd3366d1a') in 0.003398 seconds
Number of updated asset objects reloaded before import = 0
Number of asset objects unloaded after import = 4
========================================================================
Received Import Request.
  Time since last request: 0.000013 seconds.
  path: Packages/com.noesis.noesisgui/Theme/NoesisTheme.Brushes.DarkEmerald.xaml
  artifactKey: Guid(6306f567ad62d354c9b590ee2a576c91) Importer(815301076,1909f56bfc062723c751e8b465ee728b)
Start importing Packages/com.noesis.noesisgui/Theme/NoesisTheme.Brushes.DarkEmerald.xaml using Guid(6306f567ad62d354c9b590ee2a576c91) Importer(815301076,1909f56bfc062723c751e8b465ee728b)  -> (artifact id: 'ac408e914ebb871d2b5d59eec567488b') in 0.003418 seconds
Number of updated asset objects reloaded before import = 0
Number of asset objects unloaded after import = 4
========================================================================
Received Import Request.
  Time since last request: 0.000015 seconds.
  path: Packages/com.noesis.noesisgui/Theme/NoesisTheme.Brushes.DarkRed.xaml
  artifactKey: Guid(c186159d3abed8048863f8e6750ce4ba) Importer(815301076,1909f56bfc062723c751e8b465ee728b)
Start importing Packages/com.noesis.noesisgui/Theme/NoesisTheme.Brushes.DarkRed.xaml using Guid(c186159d3abed8048863f8e6750ce4ba) Importer(815301076,1909f56bfc062723c751e8b465ee728b)  -> (artifact id: '64e9ac358635f64070c78847c3bcf91a') in 0.005405 seconds
Number of updated asset objects reloaded before import = 0
Number of asset objects unloaded after import = 4
========================================================================
Received Import Request.
  Time since last request: 0.000015 seconds.
  path: Packages/com.noesis.noesisgui/Theme/NoesisTheme.Brushes.DarkOrange.xaml
  artifactKey: Guid(33dd87684be5d4c459f4548c9aa8a076) Importer(815301076,1909f56bfc062723c751e8b465ee728b)
Start importing Packages/com.noesis.noesisgui/Theme/NoesisTheme.Brushes.DarkOrange.xaml using Guid(33dd87684be5d4c459f4548c9aa8a076) Importer(815301076,1909f56bfc062723c751e8b465ee728b)  -> (artifact id: '7e0e2de1d0fc5780a6a4ee90ec156998') in 0.003861 seconds
Number of updated asset objects reloaded before import = 0
Number of asset objects unloaded after import = 4
========================================================================
Received Import Request.
  Time since last request: 0.000015 seconds.
  path: Packages/com.noesis.noesisgui/Theme/NoesisTheme.Brushes.DarkPurple.xaml
  artifactKey: Guid(601239fd27d0846479aeb76fe6f97c64) Importer(815301076,1909f56bfc062723c751e8b465ee728b)
Start importing Packages/com.noesis.noesisgui/Theme/NoesisTheme.Brushes.DarkPurple.xaml using Guid(601239fd27d0846479aeb76fe6f97c64) Importer(815301076,1909f56bfc062723c751e8b465ee728b)  -> (artifact id: '72c3b7293b208136f26866f91213f45d') in 0.005300 seconds
Number of updated asset objects reloaded before import = 0
Number of asset objects unloaded after import = 4
========================================================================
Received Import Request.
  Time since last request: 6.503468 seconds.
  path: Packages/com.noesis.noesisgui/package.json
  artifactKey: Guid(0b6df4997c64af44588db78c1f4a31a5) Importer(815301076,1909f56bfc062723c751e8b465ee728b)
Start importing Packages/com.noesis.noesisgui/package.json using Guid(0b6df4997c64af44588db78c1f4a31a5) Importer(815301076,1909f56bfc062723c751e8b465ee728b)  -> (artifact id: 'fc8ef9ba230ce0f5e460e8ada2889e95') in 0.000858 seconds
Number of updated asset objects reloaded before import = 0
Number of asset objects unloaded after import = 1
========================================================================
Received Import Request.
  Time since last request: 2.993170 seconds.
  path: Packages/com.noesis.noesisgui/Theme
  artifactKey: Guid(7e0304c56b6cd9045baca2098794a475) Importer(815301076,1909f56bfc062723c751e8b465ee728b)
Start importing Packages/com.noesis.noesisgui/Theme using Guid(7e0304c56b6cd9045baca2098794a475) Importer(815301076,1909f56bfc062723c751e8b465ee728b)  -> (artifact id: '648683768572373d693967178cc49c2e') in 0.000391 seconds
Number of updated asset objects reloaded before import = 0
Number of asset objects unloaded after import = 0
========================================================================
Received Import Request.
  Time since last request: 1.484717 seconds.
  path: Packages/com.noesis.noesisgui/Theme/Fonts
  artifactKey: Guid(892705e21f401c14e94e641ec305b12a) Importer(815301076,1909f56bfc062723c751e8b465ee728b)
Start importing Packages/com.noesis.noesisgui/Theme/Fonts using Guid(892705e21f401c14e94e641ec305b12a) Importer(815301076,1909f56bfc062723c751e8b465ee728b)  -> (artifact id: '17c55d71bbdf48be24ef99f51127332e') in 0.000366 seconds
Number of updated asset objects reloaded before import = 0
Number of asset objects unloaded after import = 0
========================================================================
Received Import Request.
  Time since last request: 0.065687 seconds.
  path: Packages/com.noesis.noesisgui/Theme/Fonts/PT Root UI_Bold.otf
  artifactKey: Guid(1c7b7d3f4485b144485f56a61a2d3982) Importer(815301076,1909f56bfc062723c751e8b465ee728b)
Start importing Packages/com.noesis.noesisgui/Theme/Fonts/PT Root UI_Bold.otf using Guid(1c7b7d3f4485b144485f56a61a2d3982) Importer(815301076,1909f56bfc062723c751e8b465ee728b)  -> (artifact id: '4c3022091b71f1a4f6f8e5c79ee48166') in 0.092300 seconds
Number of updated asset objects reloaded before import = 0
Number of asset objects unloaded after import = 5
========================================================================
Received Import Request.
  Time since last request: 8.243134 seconds.
  path: Packages/com.noesis.noesisgui/Editor
  artifactKey: Guid(a6ade15a72f02b04fa04741d0471afbd) Importer(815301076,1909f56bfc062723c751e8b465ee728b)
Start importing Packages/com.noesis.noesisgui/Editor using Guid(a6ade15a72f02b04fa04741d0471afbd) Importer(815301076,1909f56bfc062723c751e8b465ee728b)  -> (artifact id: '6d4d53d61d0e23b99cfc238560442207') in 0.000570 seconds
Number of updated asset objects reloaded before import = 0
Number of asset objects unloaded after import = 0
========================================================================
Received Prepare
Begin MonoManager ReloadAssembly
- Loaded All Assemblies, in  0.397 seconds
Refreshing native plugins compatible for Editor in 3.13 ms, found 4 plugins.
Native extension for WindowsStandalone target not found
Native extension for WebGL target not found
[Package Manager] Server::EnsureServerProcessIsRunning -- launch failed, reason: Unity was launched with the -noUpm command-line argument
[Package Manager] UpmClient::Send -- Unable to send message (not connected to UPM process).
[Package Manager] Cannot connect to Unity Package Manager local server
Mono: successfully reloaded assembly
- Finished resetting the current domain, in  0.718 seconds
Domain Reload Profiling: 1115ms
	BeginReloadAssembly (168ms)
		ExecutionOrderSort (0ms)
		DisableScriptedObjects (5ms)
		BackupInstance (0ms)
		ReleaseScriptingObjects (0ms)
		CreateAndSetChildDomain (54ms)
	RebuildCommonClasses (34ms)
	RebuildNativeTypeToScriptingClass (17ms)
	initialDomainReloadingComplete (23ms)
	LoadAllAssembliesAndSetupDomain (155ms)
		LoadAssemblies (217ms)
		RebuildTransferFunctionScriptingTraits (0ms)
		AnalyzeDomain (13ms)
			TypeCache.Refresh (6ms)
				TypeCache.ScanAssembly (0ms)
			ScanForSourceGeneratedMonoScriptInfo (0ms)
			ResolveRequiredComponents (5ms)
	FinalizeReload (718ms)
		ReleaseScriptCaches (0ms)
		RebuildScriptCaches (0ms)
		SetupLoadedEditorAssemblies (400ms)
			LogAssemblyErrors (0ms)
			InitializePlatformSupportModulesInManaged (7ms)
			SetLoadedEditorAssemblies (5ms)
			RefreshPlugins (0ms)
			BeforeProcessingInitializeOnLoad (54ms)
			ProcessInitializeOnLoadAttributes (311ms)
			ProcessInitializeOnLoadMethodAttributes (21ms)
			AfterProcessingInitializeOnLoad (2ms)
			EditorAssembliesLoaded (0ms)
		ExecutionOrderSort2 (0ms)
		AwakeInstancesAfterBackupRestoration (6ms)
Refreshing native plugins compatible for Editor in 5.72 ms, found 4 plugins.
Preloading 1 native plugins for Editor in 0.09 ms.
Unloading 4229 Unused Serialized files (Serialized files now loaded: 0)
Unloading 39 unused Assets / (39.4 KB). Loaded Objects now: 4712.
Memory consumption went from 159.8 MB to 159.8 MB.
Total: 2.975600 ms (FindLiveObjects: 0.358400 ms CreateObjectMapping: 0.200400 ms MarkObjects: 2.355400 ms  DeleteObjects: 0.060300 ms)

Prepare: number of updated asset objects reloaded= 0
AssetImportParameters requested are different than current active one (requested -> active):
  custom:container-demuxer-ogg: 62fdf1f143b41e24485cea50d1cbac27 -> 
  custom:video-decoder-ogg-theora: a1e56fd34408186e4bbccfd4996cb3dc -> 
  custom:framework-win-MediaFoundation: 216162199b28c13a410421893ffa2e32 -> 
  custom:scripting/monoscript/fileName/UnityNoesisGUITestMainView.xaml.cs: 424ace271e33e819a76465dbaa0113bf -> 
  custom:CustomObjectIndexerAttribute: 9a22284fe3817be447336de3de66b15e -> 
  custom:container-demuxer-webm: 4f35f7cbe854078d1ac9338744f61a02 -> 
  custom:Noesis_ApplicationResources: 547730b8ea009c5c38da7d097a3a42ce -> 
  custom:scripting/monoscript/fileName/Dashboard.xaml.cs: 7032a55f39419bece45864393a9d7fd1 -> 856b080f25261c0ab2fbccd4c899327e
  custom:container-muxer-webm: aa71ff27fc2769a1b78a27578f13a17b -> 
  custom:video-decoder-webm-vp8: 9c59270c3fd7afecdb556c50c9e8de78 -> 
  custom:SearchIndexIgnoredProperties: e643bd26f0fe6173181afceb89e7c659 -> 
  custom:AudioImporter_EditorPlatform: d09bf68614088b80899f8185d706f6e7 -> 
  custom:video-encoder-webm-vp8: eb34c28f22e8b96e1ab97ce403110664 -> 
  custom:audio-decoder-ogg-vorbis: bf7c407c2cedff20999df2af8eb42d56 -> 
  custom:audio-encoder-webm-vorbis: bf7c407c2cedff20999df2af8eb42d56 -> 
========================================================================
Received Import Request.
  Time since last request: 106.301087 seconds.
  path: Packages/com.noesis.noesisgui/Editor/icon.png
  artifactKey: Guid(ec9f447136a43fb468cec62c61a79bd3) Importer(815301076,1909f56bfc062723c751e8b465ee728b)
Start importing Packages/com.noesis.noesisgui/Editor/icon.png using Guid(ec9f447136a43fb468cec62c61a79bd3) Importer(815301076,1909f56bfc062723c751e8b465ee728b)  -> (artifact id: 'e9d3dd4b9d69919e01657e961fa9a060') in 0.049207 seconds
Number of updated asset objects reloaded before import = 0
Number of asset objects unloaded after import = 2
========================================================================
Received Import Request.
  Time since last request: 0.000022 seconds.
  path: Packages/com.noesis.noesisgui/Editor/icon-shaders.png
  artifactKey: Guid(a17233efff04a0d43aa5b9886238ccfb) Importer(815301076,1909f56bfc062723c751e8b465ee728b)
Start importing Packages/com.noesis.noesisgui/Editor/icon-shaders.png using Guid(a17233efff04a0d43aa5b9886238ccfb) Importer(815301076,1909f56bfc062723c751e8b465ee728b)  -> (artifact id: '4fa3d4c47ba36fd725d5cc6e07dacd77') in 0.012249 seconds
Number of updated asset objects reloaded before import = 0
Number of asset objects unloaded after import = 2
========================================================================
Received Import Request.
  Time since last request: 0.000017 seconds.
  path: Packages/com.noesis.noesisgui/Editor/icon-settings.png
  artifactKey: Guid(1075a24bfdcefe14cbbd1114d1e86f0f) Importer(815301076,1909f56bfc062723c751e8b465ee728b)
Start importing Packages/com.noesis.noesisgui/Editor/icon-settings.png using Guid(1075a24bfdcefe14cbbd1114d1e86f0f) Importer(815301076,1909f56bfc062723c751e8b465ee728b)  -> (artifact id: '65b9785f77c68e8888356b5acd35be64') in 0.010938 seconds
Number of updated asset objects reloaded before import = 0
Number of asset objects unloaded after import = 2
========================================================================
Received Import Request.
  Time since last request: 0.351747 seconds.
  path: Packages/com.noesis.noesisgui/Editor/banner.png
  artifactKey: Guid(1ca6e04c3bb1f4a4baa776fae8184c69) Importer(815301076,1909f56bfc062723c751e8b465ee728b)
Start importing Packages/com.noesis.noesisgui/Editor/banner.png using Guid(1ca6e04c3bb1f4a4baa776fae8184c69) Importer(815301076,1909f56bfc062723c751e8b465ee728b)  -> (artifact id: '62aed6925ab3f58e0957ce3e84e5277a') in 0.014451 seconds
Number of updated asset objects reloaded before import = 0
Number of asset objects unloaded after import = 2
========================================================================
Received Import Request.
  Time since last request: 0.000027 seconds.
  path: Packages/com.noesis.noesisgui/Editor/ico_vs.png
  artifactKey: Guid(a00df3e40d2bb274ea9e5d5b33d2ba67) Importer(815301076,1909f56bfc062723c751e8b465ee728b)
Start importing Packages/com.noesis.noesisgui/Editor/ico_vs.png using Guid(a00df3e40d2bb274ea9e5d5b33d2ba67) Importer(815301076,1909f56bfc062723c751e8b465ee728b)  -> (artifact id: '75cfc8ed5f417d16a37cb0cef74d9f8d') in 0.014962 seconds
Number of updated asset objects reloaded before import = 0
Number of asset objects unloaded after import = 2
========================================================================
Received Import Request.
  Time since last request: 0.000015 seconds.
  path: Packages/com.noesis.noesisgui/Editor/ico_forums.png
  artifactKey: Guid(a43d354b0930aea40b0d5a85566df951) Importer(815301076,1909f56bfc062723c751e8b465ee728b)
Start importing Packages/com.noesis.noesisgui/Editor/ico_forums.png using Guid(a43d354b0930aea40b0d5a85566df951) Importer(815301076,1909f56bfc062723c751e8b465ee728b)  -> (artifact id: '6ac7dc200b95f057eeae7c147bc0222f') in 0.013918 seconds
Number of updated asset objects reloaded before import = 0
Number of asset objects unloaded after import = 2
========================================================================
Received Import Request.
  Time since last request: 0.000019 seconds.
  path: Packages/com.noesis.noesisgui/Editor/ico_doc.png
  artifactKey: Guid(ed66625ca384ab44bafdeecfd0822acd) Importer(815301076,1909f56bfc062723c751e8b465ee728b)
Start importing Packages/com.noesis.noesisgui/Editor/ico_doc.png using Guid(ed66625ca384ab44bafdeecfd0822acd) Importer(815301076,1909f56bfc062723c751e8b465ee728b)  -> (artifact id: '344d6489ba50093a69fad82c0fee42ea') in 0.011148 seconds
Number of updated asset objects reloaded before import = 0
Number of asset objects unloaded after import = 2
Editor requested this worker to shutdown with reason: Scaling down because of idle timeout
TcpMessagingSession - receive error: operation aborted. errorcode: 995, details: The I/O operation has been aborted because of either a thread exit or an application request.
AssetImportWorker is now disconnected from the server
Process exiting
Exiting without the bug reporter. Application will terminate with return code 0